2025-03-14 12:47:43 WARN  Logging - Value entered: -10; Value must be >= 0 and <= 50!

2025-03-14 12:47:46 ERROR Logging - A non-integer value was entered! Integer values only!
java.lang.NumberFormatException: For input string: "hello"
	at java.base/java.lang.NumberFormatException.forInputString(NumberFormatException.java:67) ~[?:?]
	at java.base/java.lang.Integer.parseInt(Integer.java:662) ~[?:?]
	at java.base/java.lang.Integer.parseInt(Integer.java:778) ~[?:?]
	at com.seminolestate.jared.Logging.parseInt(Logging.java:64) [classes/:?]
	at com.seminolestate.jared.Logging.main(Logging.java:29) [classes/:?]
2025-03-14 12:47:51 INFO  Logging - Value at 0 term: 0
2025-03-14 12:47:51 INFO  Logging - Time taken to calculate: 0 milliseconds
2025-03-14 12:47:51 INFO  Logging - Value at 1 term: 1
2025-03-14 12:47:51 INFO  Logging - Time taken to calculate: 0 milliseconds
2025-03-14 12:47:51 INFO  Logging - Value at 2 term: 1
2025-03-14 12:47:51 INFO  Logging - Time taken to calculate: 0 milliseconds
2025-03-14 12:47:51 INFO  Logging - Value at 3 term: 2
2025-03-14 12:47:51 INFO  Logging - Time taken to calculate: 0 milliseconds
2025-03-14 12:47:51 INFO  Logging - Value at 4 term: 3
2025-03-14 12:47:51 INFO  Logging - Time taken to calculate: 0 milliseconds
2025-03-14 12:47:51 INFO  Logging - Value at 5 term: 5
2025-03-14 12:47:51 INFO  Logging - Time taken to calculate: 0 milliseconds
2025-03-14 12:47:51 INFO  Logging - Value at 6 term: 8
2025-03-14 12:47:51 INFO  Logging - Time taken to calculate: 0 milliseconds
2025-03-14 12:47:51 INFO  Logging - Value at 7 term: 13
2025-03-14 12:47:51 INFO  Logging - Time taken to calculate: 0 milliseconds
2025-03-14 12:47:51 INFO  Logging - Value at 8 term: 21
2025-03-14 12:47:51 INFO  Logging - Time taken to calculate: 0 milliseconds
2025-03-14 12:47:51 INFO  Logging - Value at 9 term: 34
2025-03-14 12:47:51 INFO  Logging - Time taken to calculate: 0 milliseconds
2025-03-14 12:47:51 INFO  Logging - Value at 10 term: 55
2025-03-14 12:47:51 INFO  Logging - Time taken to calculate: 0 milliseconds
2025-03-14 12:47:51 INFO  Logging - Value at 11 term: 89
2025-03-14 12:47:51 INFO  Logging - Time taken to calculate: 0 milliseconds
2025-03-14 12:47:51 INFO  Logging - Value at 12 term: 144
2025-03-14 12:47:51 INFO  Logging - Time taken to calculate: 0 milliseconds
2025-03-14 12:47:51 INFO  Logging - Value at 13 term: 233
2025-03-14 12:47:51 INFO  Logging - Time taken to calculate: 0 milliseconds
2025-03-14 12:47:51 INFO  Logging - Value at 14 term: 377
2025-03-14 12:47:51 INFO  Logging - Time taken to calculate: 0 milliseconds
2025-03-14 12:47:51 INFO  Logging - Value at 15 term: 610
2025-03-14 12:47:51 INFO  Logging - Time taken to calculate: 0 milliseconds
2025-03-14 12:47:51 INFO  Logging - Value at 16 term: 987
2025-03-14 12:47:51 INFO  Logging - Time taken to calculate: 0 milliseconds
2025-03-14 12:47:51 INFO  Logging - Value at 17 term: 1597
2025-03-14 12:47:51 INFO  Logging - Time taken to calculate: 0 milliseconds
2025-03-14 12:47:51 INFO  Logging - Value at 18 term: 2584
2025-03-14 12:47:51 INFO  Logging - Time taken to calculate: 0 milliseconds
2025-03-14 12:47:51 INFO  Logging - Value at 19 term: 4181
2025-03-14 12:47:51 INFO  Logging - Time taken to calculate: 0 milliseconds
2025-03-14 12:47:51 INFO  Logging - Value at 20 term: 6765
2025-03-14 12:47:51 INFO  Logging - Time taken to calculate: 0 milliseconds
2025-03-14 12:47:51 INFO  Logging - Value at 21 term: 10946
2025-03-14 12:47:51 INFO  Logging - Time taken to calculate: 0 milliseconds
2025-03-14 12:47:51 INFO  Logging - Value at 22 term: 17711
2025-03-14 12:47:51 INFO  Logging - Time taken to calculate: 0 milliseconds
2025-03-14 12:47:51 INFO  Logging - Value at 23 term: 28657
2025-03-14 12:47:51 INFO  Logging - Time taken to calculate: 0 milliseconds
2025-03-14 12:47:51 INFO  Logging - Value at 24 term: 46368
2025-03-14 12:47:51 INFO  Logging - Time taken to calculate: 0 milliseconds
2025-03-14 12:47:51 INFO  Logging - Value at 25 term: 75025
2025-03-14 12:47:51 INFO  Logging - Time taken to calculate: 1 milliseconds
2025-03-14 12:47:51 INFO  Logging - Value at 26 term: 121393
2025-03-14 12:47:51 INFO  Logging - Time taken to calculate: 0 milliseconds
2025-03-14 12:47:51 INFO  Logging - Value at 27 term: 196418
2025-03-14 12:47:51 INFO  Logging - Time taken to calculate: 0 milliseconds
2025-03-14 12:47:51 INFO  Logging - Value at 28 term: 317811
2025-03-14 12:47:51 INFO  Logging - Time taken to calculate: 1 milliseconds
2025-03-14 12:47:51 INFO  Logging - Value at 29 term: 514229
2025-03-14 12:47:51 INFO  Logging - Time taken to calculate: 1 milliseconds
2025-03-14 12:47:51 INFO  Logging - Value at 30 term: 832040
2025-03-14 12:47:51 INFO  Logging - Time taken to calculate: 2 milliseconds
2025-03-14 12:47:51 INFO  Logging - Value at 31 term: 1346269
2025-03-14 12:47:51 INFO  Logging - Time taken to calculate: 3 milliseconds
2025-03-14 12:47:51 INFO  Logging - Value at 32 term: 2178309
2025-03-14 12:47:51 INFO  Logging - Time taken to calculate: 5 milliseconds
2025-03-14 12:47:51 INFO  Logging - Value at 33 term: 3524578
2025-03-14 12:47:51 INFO  Logging - Time taken to calculate: 8 milliseconds
2025-03-14 12:47:51 INFO  Logging - Value at 34 term: 5702887
2025-03-14 12:47:51 INFO  Logging - Time taken to calculate: 12 milliseconds
2025-03-14 12:47:51 INFO  Logging - Value at 35 term: 9227465
2025-03-14 12:47:51 INFO  Logging - Time taken to calculate: 20 milliseconds
2025-03-14 12:47:51 INFO  Logging - Value at 36 term: 14930352
2025-03-14 12:47:51 INFO  Logging - Time taken to calculate: 33 milliseconds
2025-03-14 12:47:51 INFO  Logging - Value at 37 term: 24157817
2025-03-14 12:47:51 INFO  Logging - Time taken to calculate: 54 milliseconds
2025-03-14 12:47:51 INFO  Logging - Value at 38 term: 39088169
2025-03-14 12:47:51 INFO  Logging - Time taken to calculate: 89 milliseconds
2025-03-14 12:47:51 INFO  Logging - Value at 39 term: 63245986
2025-03-14 12:47:51 INFO  Logging - Time taken to calculate: 143 milliseconds
2025-03-14 12:47:51 INFO  Logging - Value at 40 term: 102334155
2025-03-14 12:47:51 INFO  Logging - Time taken to calculate: 231 milliseconds
2025-03-14 12:47:52 INFO  Logging - Value at 41 term: 165580141
2025-03-14 12:47:52 INFO  Logging - Time taken to calculate: 370 milliseconds
2025-03-14 12:47:52 INFO  Logging - Value at 42 term: 267914296
2025-03-14 12:47:52 INFO  Logging - Time taken to calculate: 602 milliseconds
2025-03-14 12:47:53 INFO  Logging - Value at 43 term: 433494437
2025-03-14 12:47:53 INFO  Logging - Time taken to calculate: 965 milliseconds
2025-03-14 12:47:55 INFO  Logging - Value at 44 term: 701408733
2025-03-14 12:47:55 INFO  Logging - Time taken to calculate: 1565 milliseconds
2025-03-14 12:47:55 WARN  Logging - Fibonacci calculation term: 44 is causing the program to experience significant slow downs!
2025-03-14 12:47:57 INFO  Logging - Value at 45 term: 1134903170
2025-03-14 12:47:57 INFO  Logging - Time taken to calculate: 2540 milliseconds
2025-03-14 12:47:57 WARN  Logging - Fibonacci calculation term: 45 is causing the program to experience significant slow downs!
2025-03-14 12:48:01 INFO  Logging - Value at 46 term: 1836311903
2025-03-14 12:48:01 INFO  Logging - Time taken to calculate: 4099 milliseconds
2025-03-14 12:48:01 WARN  Logging - Fibonacci calculation term: 46 is causing the program to experience significant slow downs!
2025-03-14 12:48:08 ERROR Logging - Positive integer limit reached at term: 46! Unable to continue parsing, closing program!
